Building DAG of jobs...
Using shell: /usr/bin/bash
Provided cores: 4
Rules claiming more threads will be scaled down.
Job stats:
job              count    min threads    max threads
-------------  -------  -------------  -------------
all                  1              1              1
bam_to_wig           4              1              1
htseq_count          4              1              1
mapped_reads         4              1              1
picard               4              1              1
samtools_sort        4              1              1
total               21              1              1

Select jobs to execute...

[Wed Aug 28 20:16:02 2024]
rule samtools_sort:
    input: ../RAW_BAM/WT_CTRL_2.bam
    output: ../SORTED_BAM/WT_CTRL_2.sorted.bam, ../SORTED_QC/WT_CTRL_2.sorted_fastqc.zip, ../SORTED_QC/WT_CTRL_2.sorted_fastqc.html
    jobid: 2
    wildcards: name=WT_CTRL_2
    priority: 20
    resources: tmpdir=/tmp


[Wed Aug 28 20:16:02 2024]
rule samtools_sort:
    input: ../RAW_BAM/WT_DEN_1.bam
    output: ../SORTED_BAM/WT_DEN_1.sorted.bam, ../SORTED_QC/WT_DEN_1.sorted_fastqc.zip, ../SORTED_QC/WT_DEN_1.sorted_fastqc.html
    jobid: 3
    wildcards: name=WT_DEN_1
    priority: 20
    resources: tmpdir=/tmp


[Wed Aug 28 20:16:02 2024]
rule samtools_sort:
    input: ../RAW_BAM/WT_DEN_2.bam
    output: ../SORTED_BAM/WT_DEN_2.sorted.bam, ../SORTED_QC/WT_DEN_2.sorted_fastqc.zip, ../SORTED_QC/WT_DEN_2.sorted_fastqc.html
    jobid: 4
    wildcards: name=WT_DEN_2
    priority: 20
    resources: tmpdir=/tmp


[Wed Aug 28 20:16:02 2024]
rule samtools_sort:
    input: ../RAW_BAM/WT_CTRL_1.bam
    output: ../SORTED_BAM/WT_CTRL_1.sorted.bam, ../SORTED_QC/WT_CTRL_1.sorted_fastqc.zip, ../SORTED_QC/WT_CTRL_1.sorted_fastqc.html
    jobid: 1
    wildcards: name=WT_CTRL_1
    priority: 20
    resources: tmpdir=/tmp

[Wed Aug 28 20:23:46 2024]
Finished job 1.
1 of 21 steps (5%) done
Select jobs to execute...

[Wed Aug 28 20:23:46 2024]
rule picard:
    input: ../SORTED_BAM/WT_CTRL_1.sorted.bam
    output: ../TRIMMED_READS/WT_CTRL_1.trim.bam
    jobid: 5
    wildcards: name=WT_CTRL_1
    priority: 18
    resources: tmpdir=/tmp

[Wed Aug 28 20:26:45 2024]
Finished job 5.
2 of 21 steps (10%) done
Select jobs to execute...

[Wed Aug 28 20:26:45 2024]
rule htseq_count:
    input: ../TRIMMED_READS/WT_CTRL_1.trim.bam
    output: ../TRIMMED_READS/WT_CTRL_1.trim.bam.bai, ../TRIMMED_htseq/WT_CTRL_1.trim.htseq.txt, ../TRIMMED_QC/WT_CTRL_1.trim_fastqc.zip, ../TRIMMED_QC/WT_CTRL_1.trim_fastqc.html
    jobid: 9
    wildcards: name=WT_CTRL_1
    priority: 14
    resources: tmpdir=/tmp

[Wed Aug 28 20:31:15 2024]
Finished job 2.
3 of 21 steps (14%) done
Select jobs to execute...

[Wed Aug 28 20:31:15 2024]
rule picard:
    input: ../SORTED_BAM/WT_CTRL_2.sorted.bam
    output: ../TRIMMED_READS/WT_CTRL_2.trim.bam
    jobid: 6
    wildcards: name=WT_CTRL_2
    priority: 18
    resources: tmpdir=/tmp

[Wed Aug 28 20:31:16 2024]
Finished job 9.
4 of 21 steps (19%) done
Select jobs to execute...

[Wed Aug 28 20:31:16 2024]
rule bam_to_wig:
    input: ../TRIMMED_READS/WT_CTRL_1.trim.bam
    output: ../WIG/WT_CTRL_1.wig
    jobid: 13
    wildcards: name=WT_CTRL_1
    priority: 12
    resources: tmpdir=/tmp

[Wed Aug 28 20:34:55 2024]
Finished job 6.
5 of 21 steps (24%) done
Select jobs to execute...

[Wed Aug 28 20:34:55 2024]
rule htseq_count:
    input: ../TRIMMED_READS/WT_CTRL_2.trim.bam
    output: ../TRIMMED_READS/WT_CTRL_2.trim.bam.bai, ../TRIMMED_htseq/WT_CTRL_2.trim.htseq.txt, ../TRIMMED_QC/WT_CTRL_2.trim_fastqc.zip, ../TRIMMED_QC/WT_CTRL_2.trim_fastqc.html
    jobid: 10
    wildcards: name=WT_CTRL_2
    priority: 14
    resources: tmpdir=/tmp

[Wed Aug 28 20:39:56 2024]
Finished job 13.
6 of 21 steps (29%) done
Select jobs to execute...

[Wed Aug 28 20:39:56 2024]
rule bam_to_wig:
    input: ../TRIMMED_READS/WT_CTRL_2.trim.bam
    output: ../WIG/WT_CTRL_2.wig
    jobid: 14
    wildcards: name=WT_CTRL_2
    priority: 12
    resources: tmpdir=/tmp

[Wed Aug 28 20:43:20 2024]
Finished job 14.
7 of 21 steps (33%) done
Select jobs to execute...

[Wed Aug 28 20:43:20 2024]
rule mapped_reads:
    input: ../TRIMMED_READS/WT_CTRL_1.trim.bam, ../WIG/WT_CTRL_1.wig
    output: ../DaPars2/WT_CTRL_1.mapping_wig_location_with_depth.txt
    jobid: 17
    wildcards: name=WT_CTRL_1
    priority: 11
    resources: tmpdir=/tmp

[Wed Aug 28 20:43:45 2024]
Finished job 17.
8 of 21 steps (38%) done
Select jobs to execute...

[Wed Aug 28 20:43:45 2024]
rule mapped_reads:
    input: ../TRIMMED_READS/WT_CTRL_2.trim.bam, ../WIG/WT_CTRL_2.wig
    output: ../DaPars2/WT_CTRL_2.mapping_wig_location_with_depth.txt
    jobid: 18
    wildcards: name=WT_CTRL_2
    priority: 11
    resources: tmpdir=/tmp

[Wed Aug 28 20:44:03 2024]
Finished job 18.
9 of 21 steps (43%) done
[Wed Aug 28 20:44:37 2024]
Finished job 4.
10 of 21 steps (48%) done
Select jobs to execute...

[Wed Aug 28 20:44:37 2024]
rule picard:
    input: ../SORTED_BAM/WT_DEN_2.sorted.bam
    output: ../TRIMMED_READS/WT_DEN_2.trim.bam
    jobid: 8
    wildcards: name=WT_DEN_2
    priority: 18
    resources: tmpdir=/tmp

[Wed Aug 28 20:44:59 2024]
Finished job 3.
11 of 21 steps (52%) done
Select jobs to execute...

[Wed Aug 28 20:44:59 2024]
rule picard:
    input: ../SORTED_BAM/WT_DEN_1.sorted.bam
    output: ../TRIMMED_READS/WT_DEN_1.trim.bam
    jobid: 7
    wildcards: name=WT_DEN_1
    priority: 18
    resources: tmpdir=/tmp

[Wed Aug 28 20:45:09 2024]
Finished job 10.
12 of 21 steps (57%) done
[Wed Aug 28 20:51:51 2024]
Finished job 8.
13 of 21 steps (62%) done
Select jobs to execute...

[Wed Aug 28 20:51:51 2024]
rule bam_to_wig:
    input: ../TRIMMED_READS/WT_DEN_2.trim.bam
    output: ../WIG/WT_DEN_2.wig
    jobid: 16
    wildcards: name=WT_DEN_2
    priority: 12
    resources: tmpdir=/tmp


[Wed Aug 28 20:51:51 2024]
rule htseq_count:
    input: ../TRIMMED_READS/WT_DEN_2.trim.bam
    output: ../TRIMMED_READS/WT_DEN_2.trim.bam.bai, ../TRIMMED_htseq/WT_DEN_2.trim.htseq.txt, ../TRIMMED_QC/WT_DEN_2.trim_fastqc.zip, ../TRIMMED_QC/WT_DEN_2.trim_fastqc.html
    jobid: 12
    wildcards: name=WT_DEN_2
    priority: 14
    resources: tmpdir=/tmp

[Wed Aug 28 20:52:47 2024]
Finished job 7.
14 of 21 steps (67%) done
Select jobs to execute...

[Wed Aug 28 20:52:47 2024]
rule bam_to_wig:
    input: ../TRIMMED_READS/WT_DEN_1.trim.bam
    output: ../WIG/WT_DEN_1.wig
    jobid: 15
    wildcards: name=WT_DEN_1
    priority: 12
    resources: tmpdir=/tmp


[Wed Aug 28 20:52:47 2024]
rule htseq_count:
    input: ../TRIMMED_READS/WT_DEN_1.trim.bam
    output: ../TRIMMED_READS/WT_DEN_1.trim.bam.bai, ../TRIMMED_htseq/WT_DEN_1.trim.htseq.txt, ../TRIMMED_QC/WT_DEN_1.trim_fastqc.zip, ../TRIMMED_QC/WT_DEN_1.trim_fastqc.html
    jobid: 11
    wildcards: name=WT_DEN_1
    priority: 14
    resources: tmpdir=/tmp

[Wed Aug 28 20:58:16 2024]
Finished job 16.
15 of 21 steps (71%) done
Select jobs to execute...

[Wed Aug 28 20:58:17 2024]
rule mapped_reads:
    input: ../TRIMMED_READS/WT_DEN_2.trim.bam, ../WIG/WT_DEN_2.wig
    output: ../DaPars2/WT_DEN_2.mapping_wig_location_with_depth.txt
    jobid: 20
    wildcards: name=WT_DEN_2
    priority: 11
    resources: tmpdir=/tmp

[Wed Aug 28 20:58:36 2024]
Finished job 20.
16 of 21 steps (76%) done
[Wed Aug 28 20:58:55 2024]
Finished job 15.
17 of 21 steps (81%) done
Select jobs to execute...

[Wed Aug 28 20:58:55 2024]
rule mapped_reads:
    input: ../TRIMMED_READS/WT_DEN_1.trim.bam, ../WIG/WT_DEN_1.wig
    output: ../DaPars2/WT_DEN_1.mapping_wig_location_with_depth.txt
    jobid: 19
    wildcards: name=WT_DEN_1
    priority: 11
    resources: tmpdir=/tmp

[Wed Aug 28 20:59:13 2024]
Finished job 19.
18 of 21 steps (86%) done
[Wed Aug 28 21:04:20 2024]
Finished job 12.
19 of 21 steps (90%) done
[Wed Aug 28 21:05:10 2024]
Finished job 11.
20 of 21 steps (95%) done
Select jobs to execute...

[Wed Aug 28 21:05:10 2024]
localrule all:
    input: ../SORTED_BAM/WT_CTRL_1.sorted.bam, ../SORTED_BAM/WT_CTRL_2.sorted.bam, ../SORTED_BAM/WT_DEN_1.sorted.bam, ../SORTED_BAM/WT_DEN_2.sorted.bam, ../SORTED_QC/WT_CTRL_1.sorted_fastqc.zip, ../SORTED_QC/WT_CTRL_2.sorted_fastqc.zip, ../SORTED_QC/WT_DEN_1.sorted_fastqc.zip, ../SORTED_QC/WT_DEN_2.sorted_fastqc.zip, ../SORTED_QC/WT_CTRL_1.sorted_fastqc.html, ../SORTED_QC/WT_CTRL_2.sorted_fastqc.html, ../SORTED_QC/WT_DEN_1.sorted_fastqc.html, ../SORTED_QC/WT_DEN_2.sorted_fastqc.html, ../TRIMMED_READS/WT_CTRL_1.trim.bam, ../TRIMMED_READS/WT_CTRL_2.trim.bam, ../TRIMMED_READS/WT_DEN_1.trim.bam, ../TRIMMED_READS/WT_DEN_2.trim.bam, ../TRIMMED_READS/WT_CTRL_1.trim.bam.bai, ../TRIMMED_READS/WT_CTRL_2.trim.bam.bai, ../TRIMMED_READS/WT_DEN_1.trim.bam.bai, ../TRIMMED_READS/WT_DEN_2.trim.bam.bai, ../TRIMMED_QC/WT_CTRL_1.trim_fastqc.zip, ../TRIMMED_QC/WT_CTRL_2.trim_fastqc.zip, ../TRIMMED_QC/WT_DEN_1.trim_fastqc.zip, ../TRIMMED_QC/WT_DEN_2.trim_fastqc.zip, ../TRIMMED_QC/WT_CTRL_1.trim_fastqc.html, ../TRIMMED_QC/WT_CTRL_2.trim_fastqc.html, ../TRIMMED_QC/WT_DEN_1.trim_fastqc.html, ../TRIMMED_QC/WT_DEN_2.trim_fastqc.html, ../TRIMMED_htseq/WT_CTRL_1.trim.htseq.txt, ../TRIMMED_htseq/WT_CTRL_2.trim.htseq.txt, ../TRIMMED_htseq/WT_DEN_1.trim.htseq.txt, ../TRIMMED_htseq/WT_DEN_2.trim.htseq.txt, ../WIG/WT_CTRL_1.wig, ../WIG/WT_CTRL_2.wig, ../WIG/WT_DEN_1.wig, ../WIG/WT_DEN_2.wig, ../DaPars2/WT_CTRL_1.mapping_wig_location_with_depth.txt, ../DaPars2/WT_CTRL_2.mapping_wig_location_with_depth.txt, ../DaPars2/WT_DEN_1.mapping_wig_location_with_depth.txt, ../DaPars2/WT_DEN_2.mapping_wig_location_with_depth.txt
    jobid: 0
    resources: tmpdir=/tmp

[Wed Aug 28 21:05:10 2024]
Finished job 0.
21 of 21 steps (100%) done
Complete log: /media/bruno/Seagate Basic/TEST_ION/APAtizer/.snakemake/log/2024-08-28T201601.675709.snakemake.log
