Building DAG of jobs...
Using shell: /usr/bin/bash
Provided cores: 4
Rules claiming more threads will be scaled down.
Job stats:
job             count    min threads    max threads
------------  -------  -------------  -------------
all                 1              1              1
mapped_reads        4              1              1
total               5              1              1

Select jobs to execute...

[Thu Aug 29 00:00:10 2024]
rule mapped_reads:
    input: ../TRIMMED_READS/WT_CTRL_2.trim.bam, ../WIG/WT_CTRL_2.wig
    output: ../DaPars2/WT_CTRL_2.mapping_wig_location_with_depth.txt
    jobid: 18
    wildcards: name=WT_CTRL_2
    priority: 11
    resources: tmpdir=/tmp


[Thu Aug 29 00:00:10 2024]
rule mapped_reads:
    input: ../TRIMMED_READS/WT_DEN_1.trim.bam, ../WIG/WT_DEN_1.wig
    output: ../DaPars2/WT_DEN_1.mapping_wig_location_with_depth.txt
    jobid: 19
    wildcards: name=WT_DEN_1
    priority: 11
    resources: tmpdir=/tmp


[Thu Aug 29 00:00:10 2024]
rule mapped_reads:
    input: ../TRIMMED_READS/WT_DEN_2.trim.bam, ../WIG/WT_DEN_2.wig
    output: ../DaPars2/WT_DEN_2.mapping_wig_location_with_depth.txt
    jobid: 20
    wildcards: name=WT_DEN_2
    priority: 11
    resources: tmpdir=/tmp


[Thu Aug 29 00:00:10 2024]
rule mapped_reads:
    input: ../TRIMMED_READS/WT_CTRL_1.trim.bam, ../WIG/WT_CTRL_1.wig
    output: ../DaPars2/WT_CTRL_1.mapping_wig_location_with_depth.txt
    jobid: 17
    wildcards: name=WT_CTRL_1
    priority: 11
    resources: tmpdir=/tmp

[Thu Aug 29 00:01:32 2024]
Finished job 17.
1 of 5 steps (20%) done
[Thu Aug 29 00:03:22 2024]
Finished job 18.
2 of 5 steps (40%) done
[Thu Aug 29 00:04:10 2024]
Finished job 19.
3 of 5 steps (60%) done
[Thu Aug 29 00:04:10 2024]
Finished job 20.
4 of 5 steps (80%) done
Select jobs to execute...

[Thu Aug 29 00:04:10 2024]
localrule all:
    input: ../SORTED_BAM/WT_CTRL_1.sorted.bam, ../SORTED_BAM/WT_CTRL_2.sorted.bam, ../SORTED_BAM/WT_DEN_1.sorted.bam, ../SORTED_BAM/WT_DEN_2.sorted.bam, ../SORTED_QC/WT_CTRL_1.sorted_fastqc.zip, ../SORTED_QC/WT_CTRL_2.sorted_fastqc.zip, ../SORTED_QC/WT_DEN_1.sorted_fastqc.zip, ../SORTED_QC/WT_DEN_2.sorted_fastqc.zip, ../SORTED_QC/WT_CTRL_1.sorted_fastqc.html, ../SORTED_QC/WT_CTRL_2.sorted_fastqc.html, ../SORTED_QC/WT_DEN_1.sorted_fastqc.html, ../SORTED_QC/WT_DEN_2.sorted_fastqc.html, ../TRIMMED_READS/WT_CTRL_1.trim.bam, ../TRIMMED_READS/WT_CTRL_2.trim.bam, ../TRIMMED_READS/WT_DEN_1.trim.bam, ../TRIMMED_READS/WT_DEN_2.trim.bam, ../TRIMMED_READS/WT_CTRL_1.trim.bam.bai, ../TRIMMED_READS/WT_CTRL_2.trim.bam.bai, ../TRIMMED_READS/WT_DEN_1.trim.bam.bai, ../TRIMMED_READS/WT_DEN_2.trim.bam.bai, ../TRIMMED_QC/WT_CTRL_1.trim_fastqc.zip, ../TRIMMED_QC/WT_CTRL_2.trim_fastqc.zip, ../TRIMMED_QC/WT_DEN_1.trim_fastqc.zip, ../TRIMMED_QC/WT_DEN_2.trim_fastqc.zip, ../TRIMMED_QC/WT_CTRL_1.trim_fastqc.html, ../TRIMMED_QC/WT_CTRL_2.trim_fastqc.html, ../TRIMMED_QC/WT_DEN_1.trim_fastqc.html, ../TRIMMED_QC/WT_DEN_2.trim_fastqc.html, ../TRIMMED_htseq/WT_CTRL_1.trim.htseq.txt, ../TRIMMED_htseq/WT_CTRL_2.trim.htseq.txt, ../TRIMMED_htseq/WT_DEN_1.trim.htseq.txt, ../TRIMMED_htseq/WT_DEN_2.trim.htseq.txt, ../WIG/WT_CTRL_1.wig, ../WIG/WT_CTRL_2.wig, ../WIG/WT_DEN_1.wig, ../WIG/WT_DEN_2.wig, ../DaPars2/WT_CTRL_1.mapping_wig_location_with_depth.txt, ../DaPars2/WT_CTRL_2.mapping_wig_location_with_depth.txt, ../DaPars2/WT_DEN_1.mapping_wig_location_with_depth.txt, ../DaPars2/WT_DEN_2.mapping_wig_location_with_depth.txt
    jobid: 0
    resources: tmpdir=/tmp

[Thu Aug 29 00:04:10 2024]
Finished job 0.
5 of 5 steps (100%) done
Complete log: /media/bruno/Seagate Basic/TEST_ION/APAtizer/.snakemake/log/2024-08-29T000009.717642.snakemake.log
